<?xml version="1.0" encoding="utf-8"?><testsuites name="pytest tests"><testsuite name="pytest" errors="0" failures="1" skipped="0" tests="10" time="0.366" timestamp="2026-01-20T13:59:07.350609+00:00" hostname="agent-env-1ff3fd89-697d-42db-9509-671ef4d8cf45"><testcase classname="tests.test_firm_lawyers_api.TestFirmLawyersEndpoints" name="test_get_firm_lawyers_empty" time="0.073" /><testcase classname="tests.test_firm_lawyers_api.TestFirmLawyersEndpoints" name="test_get_firm_report_empty" time="0.012" /><testcase classname="tests.test_firm_lawyers_api.TestFirmLawyersEndpoints" name="test_get_nonexistent_lawyer" time="0.011" /><testcase classname="tests.test_firm_lawyers_api.TestFirmLawyersEndpoints" name="test_get_lawyer_tasks_empty" time="0.049" /><testcase classname="tests.test_firm_lawyers_api.TestFirmLawyersEndpoints" name="test_get_firm_tasks_empty" time="0.010" /><testcase classname="tests.test_firm_lawyers_api.TestFirmLawyerLogin" name="test_login_invalid_credentials" time="0.008" /><testcase classname="tests.test_firm_lawyers_api.TestFirmLawyerLogin" name="test_login_via_auth_endpoint" time="0.051"><failure message="assert 422 == 401&#10; +  where 422 = &lt;Response [422]&gt;.status_code">tests/test_firm_lawyers_api.py:92: in test_login_via_auth_endpoint
    assert response.status_code == 401
E   assert 422 == 401
E    +  where 422 = &lt;Response [422]&gt;.status_code</failure></testcase><testcase classname="tests.test_firm_lawyers_api.TestLawFirmsEndpoint" name="test_get_lawfirms_list" time="0.011" /><testcase classname="tests.test_firm_lawyers_api.TestHealthAndBasicEndpoints" name="test_health_check" time="0.010" /><testcase classname="tests.test_firm_lawyers_api.TestHealthAndBasicEndpoints" name="test_lawyers_list" time="0.014" /></testsuite></testsuites>